<?xml version="1.0" encoding="UTF-8"?>
<!-- Generated by org.testng.reporters.JUnitReportReporter -->
<testsuite hostname="DESKTOP-QOLPIF6" name="TestCases.TC_001_LogInFunctionality" tests="1" failures="0" timestamp="24 Dec 2017 23:24:18 GMT" time="49.665" errors="0">
  <testcase name="LogInFunctionality" time="49.665" classname="TestCases.TC_001_LogInFunctionality"/>
</testsuite> <!-- TestCases.TC_001_LogInFunctionality -->
